[ERROR] 2017-07-28 11:48:12 [us.codecraft.webmagic.Spider$1.run(Spider.java:324)] -> process request Request{url='http://write.blog.csdn.net/mdeditor/getArticle?id=41657169', method='null', extras=null, priority=0, headers={}, cookies={}} error [pool-11-thread-1] [chx]
java.lang.NullPointerException
	at cn.chenhaoxiang.utils.FileUtils.saveStringToFile(FileUtils.java:24)
	at cn.chenhaoxiang.SaveBlogDataEntity.process(SaveBlogDataEntity.java:45)
	at us.codecraft.webmagic.Spider.onDownloadSuccess(Spider.java:414)
	at us.codecraft.webmagic.Spider.processRequest(Spider.java:406)
	at us.codecraft.webmagic.Spider.access$000(Spider.java:61)
	at us.codecraft.webmagic.Spider$1.run(Spider.java:320)
	at us.codecraft.webmagic.thread.CountableThreadPool$1.run(CountableThreadPool.java:74)
	at java.util.concurrent.ThreadPoolExecutor.runWorker(ThreadPoolExecutor.java:1142)
	at java.util.concurrent.ThreadPoolExecutor$Worker.run(ThreadPoolExecutor.java:617)
	at java.lang.Thread.run(Thread.java:745)
[ERROR] 2017-07-28 11:48:12 [us.codecraft.webmagic.Spider$1.run(Spider.java:324)] -> process request Request{url='http://write.blog.csdn.net/mdeditor/getArticle?id=23127865', method='null', extras=null, priority=0, headers={}, cookies={}} error [pool-4-thread-1] [chx]
java.lang.NullPointerException
	at cn.chenhaoxiang.utils.FileUtils.saveStringToFile(FileUtils.java:24)
	at cn.chenhaoxiang.SaveBlogDataEntity.process(SaveBlogDataEntity.java:45)
	at us.codecraft.webmagic.Spider.onDownloadSuccess(Spider.java:414)
	at us.codecraft.webmagic.Spider.processRequest(Spider.java:406)
	at us.codecraft.webmagic.Spider.access$000(Spider.java:61)
	at us.codecraft.webmagic.Spider$1.run(Spider.java:320)
	at us.codecraft.webmagic.thread.CountableThreadPool$1.run(CountableThreadPool.java:74)
	at java.util.concurrent.ThreadPoolExecutor.runWorker(ThreadPoolExecutor.java:1142)
	at java.util.concurrent.ThreadPoolExecutor$Worker.run(ThreadPoolExecutor.java:617)
	at java.lang.Thread.run(Thread.java:745)
[ERROR] 2017-07-28 11:48:12 [us.codecraft.webmagic.Spider$1.run(Spider.java:324)] -> process request Request{url='http://write.blog.csdn.net/mdeditor/getArticle?id=23599257', method='null', extras=null, priority=0, headers={}, cookies={}} error [pool-16-thread-1] [chx]
java.lang.NullPointerException
	at cn.chenhaoxiang.utils.FileUtils.saveStringToFile(FileUtils.java:24)
	at cn.chenhaoxiang.SaveBlogDataEntity.process(SaveBlogDataEntity.java:45)
	at us.codecraft.webmagic.Spider.onDownloadSuccess(Spider.java:414)
	at us.codecraft.webmagic.Spider.processRequest(Spider.java:406)
	at us.codecraft.webmagic.Spider.access$000(Spider.java:61)
	at us.codecraft.webmagic.Spider$1.run(Spider.java:320)
	at us.codecraft.webmagic.thread.CountableThreadPool$1.run(CountableThreadPool.java:74)
	at java.util.concurrent.ThreadPoolExecutor.runWorker(ThreadPoolExecutor.java:1142)
	at java.util.concurrent.ThreadPoolExecutor$Worker.run(ThreadPoolExecutor.java:617)
	at java.lang.Thread.run(Thread.java:745)
[ERROR] 2017-07-28 11:48:13 [us.codecraft.webmagic.Spider$1.run(Spider.java:324)] -> process request Request{url='http://write.blog.csdn.net/mdeditor/getArticle?id=38855273', method='null', extras=null, priority=0, headers={}, cookies={}} error [pool-7-thread-1] [chx]
java.lang.NullPointerException
	at cn.chenhaoxiang.utils.FileUtils.saveStringToFile(FileUtils.java:24)
	at cn.chenhaoxiang.SaveBlogDataEntity.process(SaveBlogDataEntity.java:45)
	at us.codecraft.webmagic.Spider.onDownloadSuccess(Spider.java:414)
	at us.codecraft.webmagic.Spider.processRequest(Spider.java:406)
	at us.codecraft.webmagic.Spider.access$000(Spider.java:61)
	at us.codecraft.webmagic.Spider$1.run(Spider.java:320)
	at us.codecraft.webmagic.thread.CountableThreadPool$1.run(CountableThreadPool.java:74)
	at java.util.concurrent.ThreadPoolExecutor.runWorker(ThreadPoolExecutor.java:1142)
	at java.util.concurrent.ThreadPoolExecutor$Worker.run(ThreadPoolExecutor.java:617)
	at java.lang.Thread.run(Thread.java:745)
[ERROR] 2017-07-28 11:48:13 [us.codecraft.webmagic.Spider$1.run(Spider.java:324)] -> process request Request{url='http://write.blog.csdn.net/mdeditor/getArticle?id=23506175', method='null', extras=null, priority=0, headers={}, cookies={}} error [pool-23-thread-1] [chx]
java.lang.NullPointerException
	at cn.chenhaoxiang.utils.FileUtils.saveStringToFile(FileUtils.java:24)
	at cn.chenhaoxiang.SaveBlogDataEntity.process(SaveBlogDataEntity.java:45)
	at us.codecraft.webmagic.Spider.onDownloadSuccess(Spider.java:414)
	at us.codecraft.webmagic.Spider.processRequest(Spider.java:406)
	at us.codecraft.webmagic.Spider.access$000(Spider.java:61)
	at us.codecraft.webmagic.Spider$1.run(Spider.java:320)
	at us.codecraft.webmagic.thread.CountableThreadPool$1.run(CountableThreadPool.java:74)
	at java.util.concurrent.ThreadPoolExecutor.runWorker(ThreadPoolExecutor.java:1142)
	at java.util.concurrent.ThreadPoolExecutor$Worker.run(ThreadPoolExecutor.java:617)
	at java.lang.Thread.run(Thread.java:745)
[ERROR] 2017-07-28 11:48:13 [us.codecraft.webmagic.Spider$1.run(Spider.java:324)] -> process request Request{url='http://write.blog.csdn.net/mdeditor/getArticle?id=23220067', method='null', extras=null, priority=0, headers={}, cookies={}} error [pool-2-thread-1] [chx]
java.lang.NullPointerException
	at cn.chenhaoxiang.utils.FileUtils.saveStringToFile(FileUtils.java:24)
	at cn.chenhaoxiang.SaveBlogDataEntity.process(SaveBlogDataEntity.java:45)
	at us.codecraft.webmagic.Spider.onDownloadSuccess(Spider.java:414)
	at us.codecraft.webmagic.Spider.processRequest(Spider.java:406)
	at us.codecraft.webmagic.Spider.access$000(Spider.java:61)
	at us.codecraft.webmagic.Spider$1.run(Spider.java:320)
	at us.codecraft.webmagic.thread.CountableThreadPool$1.run(CountableThreadPool.java:74)
	at java.util.concurrent.ThreadPoolExecutor.runWorker(ThreadPoolExecutor.java:1142)
	at java.util.concurrent.ThreadPoolExecutor$Worker.run(ThreadPoolExecutor.java:617)
	at java.lang.Thread.run(Thread.java:745)
[ERROR] 2017-07-28 12:12:12 [us.codecraft.webmagic.Spider$1.run(Spider.java:324)] -> process request Request{url='http://write.blog.csdn.net/mdeditor/getArticle?id=41657169', method='null', extras=null, priority=0, headers={}, cookies={}} error [pool-1-thread-1] [chx]
java.lang.NullPointerException
	at cn.chenhaoxiang.utils.FileUtils.saveStringToFile(FileUtils.java:24)
	at cn.chenhaoxiang.SaveBlogDataEntity.process(SaveBlogDataEntity.java:45)
	at us.codecraft.webmagic.Spider.onDownloadSuccess(Spider.java:414)
	at us.codecraft.webmagic.Spider.processRequest(Spider.java:406)
	at us.codecraft.webmagic.Spider.access$000(Spider.java:61)
	at us.codecraft.webmagic.Spider$1.run(Spider.java:320)
	at us.codecraft.webmagic.thread.CountableThreadPool$1.run(CountableThreadPool.java:74)
	at java.util.concurrent.ThreadPoolExecutor.runWorker(ThreadPoolExecutor.java:1142)
	at java.util.concurrent.ThreadPoolExecutor$Worker.run(ThreadPoolExecutor.java:617)
	at java.lang.Thread.run(Thread.java:745)
[ERROR] 2017-07-28 12:23:45 [us.codecraft.webmagic.Spider$1.run(Spider.java:324)] -> process request Request{url='http://write.blog.csdn.net/mdeditor/getArticle?id=41657169', method='null', extras=null, priority=0, headers={}, cookies={}} error [pool-1-thread-1] [chx]
java.lang.NullPointerException
	at cn.chenhaoxiang.SaveBlogDataEntity.process(SaveBlogDataEntity.java:54)
	at us.codecraft.webmagic.Spider.onDownloadSuccess(Spider.java:414)
	at us.codecraft.webmagic.Spider.processRequest(Spider.java:406)
	at us.codecraft.webmagic.Spider.access$000(Spider.java:61)
	at us.codecraft.webmagic.Spider$1.run(Spider.java:320)
	at us.codecraft.webmagic.thread.CountableThreadPool$1.run(CountableThreadPool.java:74)
	at java.util.concurrent.ThreadPoolExecutor.runWorker(ThreadPoolExecutor.java:1142)
	at java.util.concurrent.ThreadPoolExecutor$Worker.run(ThreadPoolExecutor.java:617)
	at java.lang.Thread.run(Thread.java:745)
[ERROR] 2017-07-28 12:23:45 [us.codecraft.webmagic.Spider$1.run(Spider.java:324)] -> process request Request{url='http://write.blog.csdn.net/mdeditor/getArticle?id=41657169', method='null', extras=null, priority=0, headers={}, cookies={}} error [pool-2-thread-1] [chx]
java.lang.NullPointerException
	at cn.chenhaoxiang.SaveBlogDataEntity.process(SaveBlogDataEntity.java:54)
	at us.codecraft.webmagic.Spider.onDownloadSuccess(Spider.java:414)
	at us.codecraft.webmagic.Spider.processRequest(Spider.java:406)
	at us.codecraft.webmagic.Spider.access$000(Spider.java:61)
	at us.codecraft.webmagic.Spider$1.run(Spider.java:320)
	at us.codecraft.webmagic.thread.CountableThreadPool$1.run(CountableThreadPool.java:74)
	at java.util.concurrent.ThreadPoolExecutor.runWorker(ThreadPoolExecutor.java:1142)
	at java.util.concurrent.ThreadPoolExecutor$Worker.run(ThreadPoolExecutor.java:617)
	at java.lang.Thread.run(Thread.java:745)
[ERROR] 2017-07-28 12:23:45 [us.codecraft.webmagic.Spider$1.run(Spider.java:324)] -> process request Request{url='http://write.blog.csdn.net/mdeditor/getArticle?id=41657169', method='null', extras=null, priority=0, headers={}, cookies={}} error [pool-3-thread-1] [chx]
java.lang.NullPointerException
	at cn.chenhaoxiang.SaveBlogDataEntity.process(SaveBlogDataEntity.java:54)
	at us.codecraft.webmagic.Spider.onDownloadSuccess(Spider.java:414)
	at us.codecraft.webmagic.Spider.processRequest(Spider.java:406)
	at us.codecraft.webmagic.Spider.access$000(Spider.java:61)
	at us.codecraft.webmagic.Spider$1.run(Spider.java:320)
	at us.codecraft.webmagic.thread.CountableThreadPool$1.run(CountableThreadPool.java:74)
	at java.util.concurrent.ThreadPoolExecutor.runWorker(ThreadPoolExecutor.java:1142)
	at java.util.concurrent.ThreadPoolExecutor$Worker.run(ThreadPoolExecutor.java:617)
	at java.lang.Thread.run(Thread.java:745)
[ERROR] 2017-07-28 12:26:57 [cn.chenhaoxiang.utils.FileUtils.saveStringToFile(FileUtils.java:37)] -> 文件名、目录名或卷标语法不正确。 [pool-188-thread-1] [chx]
[ERROR] 2017-07-28 12:29:00 [cn.chenhaoxiang.utils.FileUtils.saveStringToFile(FileUtils.java:37)] -> 文件名、目录名或卷标语法不正确。 [pool-594-thread-1] [chx]
[ERROR] 2017-07-28 12:43:19 [us.codecraft.webmagic.Spider$1.run(Spider.java:324)] -> process request Request{url='http://write.blog.csdn.net/mdeditor/75948544', method='null', extras=null, priority=0, headers={}, cookies={}} error [pool-4-thread-20] [chx]
com.alibaba.fastjson.JSONException: syntax error, expect {, actual error, pos 7
	at com.alibaba.fastjson.parser.deserializer.JavaBeanDeserializer.deserialze(JavaBeanDeserializer.java:343)
	at com.alibaba.fastjson.parser.deserializer.JavaBeanDeserializer.parseRest(JavaBeanDeserializer.java:948)
	at com.alibaba.fastjson.parser.deserializer.FastjsonASMDeserializer_1_BlogEntity.deserialze(Unknown Source)
	at com.alibaba.fastjson.parser.deserializer.JavaBeanDeserializer.deserialze(JavaBeanDeserializer.java:184)
	at com.alibaba.fastjson.parser.DefaultJSONParser.parseObject(DefaultJSONParser.java:642)
	at com.alibaba.fastjson.JSON.parseObject(JSON.java:350)
	at com.alibaba.fastjson.JSON.parseObject(JSON.java:254)
	at com.alibaba.fastjson.JSON.parseObject(JSON.java:467)
	at cn.chenhaoxiang.utils.JSONUtils.json2obj(JSONUtils.java:148)
	at cn.chenhaoxiang.HttpUrlConn.json2BlogDataEntity(HttpUrlConn.java:184)
	at cn.chenhaoxiang.SaveBlogDataEntity.process(SaveBlogDataEntity.java:32)
	at us.codecraft.webmagic.Spider.onDownloadSuccess(Spider.java:414)
	at us.codecraft.webmagic.Spider.processRequest(Spider.java:406)
	at us.codecraft.webmagic.Spider.access$000(Spider.java:61)
	at us.codecraft.webmagic.Spider$1.run(Spider.java:320)
	at us.codecraft.webmagic.thread.CountableThreadPool$1.run(CountableThreadPool.java:74)
	at java.util.concurrent.ThreadPoolExecutor.runWorker(ThreadPoolExecutor.java:1142)
	at java.util.concurrent.ThreadPoolExecutor$Worker.run(ThreadPoolExecutor.java:617)
	at java.lang.Thread.run(Thread.java:745)
[ERROR] 2017-07-28 12:43:19 [us.codecraft.webmagic.Spider$1.run(Spider.java:324)] -> process request Request{url='http://write.blog.csdn.net/mdeditor/74619521', method='null', extras=null, priority=0, headers={}, cookies={}} error [pool-4-thread-11] [chx]
com.alibaba.fastjson.JSONException: syntax error, expect {, actual error, pos 7
	at com.alibaba.fastjson.parser.deserializer.JavaBeanDeserializer.deserialze(JavaBeanDeserializer.java:343)
	at com.alibaba.fastjson.parser.deserializer.JavaBeanDeserializer.parseRest(JavaBeanDeserializer.java:948)
	at com.alibaba.fastjson.parser.deserializer.FastjsonASMDeserializer_1_BlogEntity.deserialze(Unknown Source)
	at com.alibaba.fastjson.parser.deserializer.JavaBeanDeserializer.deserialze(JavaBeanDeserializer.java:184)
	at com.alibaba.fastjson.parser.DefaultJSONParser.parseObject(DefaultJSONParser.java:642)
	at com.alibaba.fastjson.JSON.parseObject(JSON.java:350)
	at com.alibaba.fastjson.JSON.parseObject(JSON.java:254)
	at com.alibaba.fastjson.JSON.parseObject(JSON.java:467)
	at cn.chenhaoxiang.utils.JSONUtils.json2obj(JSONUtils.java:148)
	at cn.chenhaoxiang.HttpUrlConn.json2BlogDataEntity(HttpUrlConn.java:184)
	at cn.chenhaoxiang.SaveBlogDataEntity.process(SaveBlogDataEntity.java:32)
	at us.codecraft.webmagic.Spider.onDownloadSuccess(Spider.java:414)
	at us.codecraft.webmagic.Spider.processRequest(Spider.java:406)
	at us.codecraft.webmagic.Spider.access$000(Spider.java:61)
	at us.codecraft.webmagic.Spider$1.run(Spider.java:320)
	at us.codecraft.webmagic.thread.CountableThreadPool$1.run(CountableThreadPool.java:74)
	at java.util.concurrent.ThreadPoolExecutor.runWorker(ThreadPoolExecutor.java:1142)
	at java.util.concurrent.ThreadPoolExecutor$Worker.run(ThreadPoolExecutor.java:617)
	at java.lang.Thread.run(Thread.java:745)
[ERROR] 2017-07-28 12:43:19 [us.codecraft.webmagic.Spider$1.run(Spider.java:324)] -> process request Request{url='http://write.blog.csdn.net/mdeditor/75208757', method='null', extras=null, priority=0, headers={}, cookies={}} error [pool-4-thread-15] [chx]
com.alibaba.fastjson.JSONException: syntax error, expect {, actual error, pos 7
	at com.alibaba.fastjson.parser.deserializer.JavaBeanDeserializer.deserialze(JavaBeanDeserializer.java:343)
	at com.alibaba.fastjson.parser.deserializer.JavaBeanDeserializer.parseRest(JavaBeanDeserializer.java:948)
	at com.alibaba.fastjson.parser.deserializer.FastjsonASMDeserializer_1_BlogEntity.deserialze(Unknown Source)
	at com.alibaba.fastjson.parser.deserializer.JavaBeanDeserializer.deserialze(JavaBeanDeserializer.java:184)
	at com.alibaba.fastjson.parser.DefaultJSONParser.parseObject(DefaultJSONParser.java:642)
	at com.alibaba.fastjson.JSON.parseObject(JSON.java:350)
	at com.alibaba.fastjson.JSON.parseObject(JSON.java:254)
	at com.alibaba.fastjson.JSON.parseObject(JSON.java:467)
	at cn.chenhaoxiang.utils.JSONUtils.json2obj(JSONUtils.java:148)
	at cn.chenhaoxiang.HttpUrlConn.json2BlogDataEntity(HttpUrlConn.java:184)
	at cn.chenhaoxiang.SaveBlogDataEntity.process(SaveBlogDataEntity.java:32)
	at us.codecraft.webmagic.Spider.onDownloadSuccess(Spider.java:414)
	at us.codecraft.webmagic.Spider.processRequest(Spider.java:406)
	at us.codecraft.webmagic.Spider.access$000(Spider.java:61)
	at us.codecraft.webmagic.Spider$1.run(Spider.java:320)
	at us.codecraft.webmagic.thread.CountableThreadPool$1.run(CountableThreadPool.java:74)
	at java.util.concurrent.ThreadPoolExecutor.runWorker(ThreadPoolExecutor.java:1142)
	at java.util.concurrent.ThreadPoolExecutor$Worker.run(ThreadPoolExecutor.java:617)
	at java.lang.Thread.run(Thread.java:745)
[ERROR] 2017-07-28 12:43:19 [us.codecraft.webmagic.Spider$1.run(Spider.java:324)] -> process request Request{url='http://write.blog.csdn.net/mdeditor/76221465', method='null', extras=null, priority=0, headers={}, cookies={}} error [pool-4-thread-7] [chx]
com.alibaba.fastjson.JSONException: syntax error, expect {, actual error, pos 7
	at com.alibaba.fastjson.parser.deserializer.JavaBeanDeserializer.deserialze(JavaBeanDeserializer.java:343)
	at com.alibaba.fastjson.parser.deserializer.JavaBeanDeserializer.parseRest(JavaBeanDeserializer.java:948)
	at com.alibaba.fastjson.parser.deserializer.FastjsonASMDeserializer_1_BlogEntity.deserialze(Unknown Source)
	at com.alibaba.fastjson.parser.deserializer.JavaBeanDeserializer.deserialze(JavaBeanDeserializer.java:184)
	at com.alibaba.fastjson.parser.DefaultJSONParser.parseObject(DefaultJSONParser.java:642)
	at com.alibaba.fastjson.JSON.parseObject(JSON.java:350)
	at com.alibaba.fastjson.JSON.parseObject(JSON.java:254)
	at com.alibaba.fastjson.JSON.parseObject(JSON.java:467)
	at cn.chenhaoxiang.utils.JSONUtils.json2obj(JSONUtils.java:148)
	at cn.chenhaoxiang.HttpUrlConn.json2BlogDataEntity(HttpUrlConn.java:184)
	at cn.chenhaoxiang.SaveBlogDataEntity.process(SaveBlogDataEntity.java:32)
	at us.codecraft.webmagic.Spider.onDownloadSuccess(Spider.java:414)
	at us.codecraft.webmagic.Spider.processRequest(Spider.java:406)
	at us.codecraft.webmagic.Spider.access$000(Spider.java:61)
	at us.codecraft.webmagic.Spider$1.run(Spider.java:320)
	at us.codecraft.webmagic.thread.CountableThreadPool$1.run(CountableThreadPool.java:74)
	at java.util.concurrent.ThreadPoolExecutor.runWorker(ThreadPoolExecutor.java:1142)
	at java.util.concurrent.ThreadPoolExecutor$Worker.run(ThreadPoolExecutor.java:617)
	at java.lang.Thread.run(Thread.java:745)
[ERROR] 2017-07-28 12:43:19 [us.codecraft.webmagic.Spider$1.run(Spider.java:324)] -> process request Request{url='http://write.blog.csdn.net/mdeditor/23599257', method='null', extras=null, priority=0, headers={}, cookies={}} error [pool-4-thread-16] [chx]
com.alibaba.fastjson.JSONException: syntax error, expect {, actual error, pos 7
	at com.alibaba.fastjson.parser.deserializer.JavaBeanDeserializer.deserialze(JavaBeanDeserializer.java:343)
	at com.alibaba.fastjson.parser.deserializer.JavaBeanDeserializer.parseRest(JavaBeanDeserializer.java:948)
	at com.alibaba.fastjson.parser.deserializer.FastjsonASMDeserializer_1_BlogEntity.deserialze(Unknown Source)
	at com.alibaba.fastjson.parser.deserializer.JavaBeanDeserializer.deserialze(JavaBeanDeserializer.java:184)
	at com.alibaba.fastjson.parser.DefaultJSONParser.parseObject(DefaultJSONParser.java:642)
	at com.alibaba.fastjson.JSON.parseObject(JSON.java:350)
	at com.alibaba.fastjson.JSON.parseObject(JSON.java:254)
	at com.alibaba.fastjson.JSON.parseObject(JSON.java:467)
	at cn.chenhaoxiang.utils.JSONUtils.json2obj(JSONUtils.java:148)
	at cn.chenhaoxiang.HttpUrlConn.json2BlogDataEntity(HttpUrlConn.java:184)
	at cn.chenhaoxiang.SaveBlogDataEntity.process(SaveBlogDataEntity.java:32)
	at us.codecraft.webmagic.Spider.onDownloadSuccess(Spider.java:414)
	at us.codecraft.webmagic.Spider.processRequest(Spider.java:406)
	at us.codecraft.webmagic.Spider.access$000(Spider.java:61)
	at us.codecraft.webmagic.Spider$1.run(Spider.java:320)
	at us.codecraft.webmagic.thread.CountableThreadPool$1.run(CountableThreadPool.java:74)
	at java.util.concurrent.ThreadPoolExecutor.runWorker(ThreadPoolExecutor.java:1142)
	at java.util.concurrent.ThreadPoolExecutor$Worker.run(ThreadPoolExecutor.java:617)
	at java.lang.Thread.run(Thread.java:745)
[ERROR] 2017-07-28 12:43:19 [us.codecraft.webmagic.Spider$1.run(Spider.java:324)] -> process request Request{url='http://write.blog.csdn.net/mdeditor/75905534', method='null', extras=null, priority=0, headers={}, cookies={}} error [pool-4-thread-24] [chx]
com.alibaba.fastjson.JSONException: syntax error, expect {, actual error, pos 7
	at com.alibaba.fastjson.parser.deserializer.JavaBeanDeserializer.deserialze(JavaBeanDeserializer.java:343)
	at com.alibaba.fastjson.parser.deserializer.JavaBeanDeserializer.parseRest(JavaBeanDeserializer.java:948)
	at com.alibaba.fastjson.parser.deserializer.FastjsonASMDeserializer_1_BlogEntity.deserialze(Unknown Source)
	at com.alibaba.fastjson.parser.deserializer.JavaBeanDeserializer.deserialze(JavaBeanDeserializer.java:184)
	at com.alibaba.fastjson.parser.DefaultJSONParser.parseObject(DefaultJSONParser.java:642)
	at com.alibaba.fastjson.JSON.parseObject(JSON.java:350)
	at com.alibaba.fastjson.JSON.parseObject(JSON.java:254)
	at com.alibaba.fastjson.JSON.parseObject(JSON.java:467)
	at cn.chenhaoxiang.utils.JSONUtils.json2obj(JSONUtils.java:148)
	at cn.chenhaoxiang.HttpUrlConn.json2BlogDataEntity(HttpUrlConn.java:184)
	at cn.chenhaoxiang.SaveBlogDataEntity.process(SaveBlogDataEntity.java:32)
	at us.codecraft.webmagic.Spider.onDownloadSuccess(Spider.java:414)
	at us.codecraft.webmagic.Spider.processRequest(Spider.java:406)
	at us.codecraft.webmagic.Spider.access$000(Spider.java:61)
	at us.codecraft.webmagic.Spider$1.run(Spider.java:320)
	at us.codecraft.webmagic.thread.CountableThreadPool$1.run(CountableThreadPool.java:74)
	at java.util.concurrent.ThreadPoolExecutor.runWorker(ThreadPoolExecutor.java:1142)
	at java.util.concurrent.ThreadPoolExecutor$Worker.run(ThreadPoolExecutor.java:617)
	at java.lang.Thread.run(Thread.java:745)
[ERROR] 2017-07-28 13:14:17 [cn.chenhaoxiang.CSDNBlogExport.startGetBlogID(CSDNBlogExport.java:121)] -> 请检查用户名或网络是否已经连接! [AWT-EventQueue-0] [chx]
